# JRE version: OpenJDK Runtime Environment (21.0.3) (build 21.0.3+-12282718-b509.11)
# Java VM: OpenJDK 64-Bit Server VM (21.0.3+-12282718-b509.11, mixed mode, tiered, compressed oops, compressed class ptrs, g1 gc, windows-amd64)
GC Precious Log:
 CardTable entry size: 512
 Card Set container configuration: InlinePtr #cards 5 size 8 Array Of Cards #cards 12 size 40 Howl #buckets 4 coarsen threshold 1843 Howl Bitmap #cards 512 size 80 coarsen threshold 460 Card regions per heap region 1 cards per card region 2048
 CPUs: 12 total, 12 available
 Memory: 7489M
 Large Page Support: Disabled
 NUMA Support: Disabled
 Compressed Oops: Enabled (32-bit)
 Heap Region Size: 1M
 Heap Min Capacity: 8M
 Heap Initial Capacity: 118M
 Heap Max Capacity: 2G
 Pre-touch: Disabled
 Parallel Workers: 10
 Concurrent Workers: 3
 Concurrent Refinement Workers: 10
 Periodic GC: Disabled
Heap:
 garbage-first heap   total 97280K, used 83046K [0x0000000080000000, 0x0000000100000000)
  region size 1024K, 42 young (43008K), 2 survivors (2048K)
 Metaspace       used 70644K, committed 72192K, reserved 1114112K
  class space    used 9706K, committed 10496K, reserved 1048576K
GC Heap History (20 events):
Event: 1.873 GC heap before
{Heap before GC invocations=2 (full 0):
 garbage-first heap   total 120832K, used 69135K [0x0000000080000000, 0x0000000100000000)
  region size 1024K, 57 young (58368K), 2 survivors (2048K)
 Metaspace       used 17925K, committed 18240K, reserved 1114112K
  class space    used 2061K, committed 2176K, reserved 1048576K
}
Event: 1.878 GC heap after
{Heap after GC invocations=3 (full 0):
 garbage-first heap   total 120832K, used 19189K [0x0000000080000000, 0x0000000100000000)
  region size 1024K, 8 young (8192K), 8 survivors (8192K)
 Metaspace       used 17925K, committed 18240K, reserved 1114112K
  class space    used 2061K, committed 2176K, reserved 1048576K
}
Event: 2.131 GC heap before
{Heap before GC invocations=3 (full 0):
 garbage-first heap   total 120832K, used 31477K [0x0000000080000000, 0x0000000100000000)
  region size 1024K, 21 young (21504K), 8 survivors (8192K)
 Metaspace       used 21190K, committed 21504K, reserved 1114112K
  class space    used 2467K, committed 2624K, reserved 1048576K
}
Event: 2.137 GC heap after
{Heap after GC invocations=4 (full 0):
 garbage-first heap   total 120832K, used 20966K [0x0000000080000000, 0x0000000100000000)
  region size 1024K, 2 young (2048K), 2 survivors (2048K)
 Metaspace       used 21190K, committed 21504K, reserved 1114112K
  class space    used 2467K, committed 2624K, reserved 1048576K
}
Event: 2.829 GC heap before
{Heap before GC invocations=5 (full 0):
 garbage-first heap   total 75776K, used 74214K [0x0000000080000000, 0x0000000100000000)
  region size 1024K, 55 young (56320K), 2 survivors (2048K)
 Metaspace       used 29980K, committed 30528K, reserved 1114112K
  class space    used 3890K, committed 4160K, reserved 1048576K
}
Event: 2.835 GC heap after
{Heap after GC invocations=6 (full 0):
 garbage-first heap   total 80896K, used 23956K [0x0000000080000000, 0x0000000100000000)
  region size 1024K, 5 young (5120K), 5 survivors (5120K)
 Metaspace       used 29980K, committed 30528K, reserved 1114112K
  class space    used 3890K, committed 4160K, reserved 1048576K
}
Event: 3.275 GC heap before
{Heap before GC invocations=6 (full 0):
 garbage-first heap   total 80896K, used 61844K [0x0000000080000000, 0x0000000100000000)
  region size 1024K, 43 young (44032K), 5 survivors (5120K)
 Metaspace       used 35228K, committed 35968K, reserved 1114112K
  class space    used 4762K, committed 5120K, reserved 1048576K
}
Event: 3.279 GC heap after
{Heap after GC invocations=7 (full 0):
 garbage-first heap   total 80896K, used 26163K [0x0000000080000000, 0x0000000100000000)
  region size 1024K, 6 young (6144K), 6 survivors (6144K)
 Metaspace       used 35228K, committed 35968K, reserved 1114112K
  class space    used 4762K, committed 5120K, reserved 1048576K
}
Event: 3.302 GC heap before
{Heap before GC invocations=7 (full 0):
 garbage-first heap   total 80896K, used 28211K [0x0000000080000000, 0x0000000100000000)
  region size 1024K, 9 young (9216K), 6 survivors (6144K)
 Metaspace       used 35442K, committed 36288K, reserved 1114112K
  class space    used 4804K, committed 5184K, reserved 1048576K
}
Event: 3.305 GC heap after
{Heap after GC invocations=8 (full 0):
 garbage-first heap   total 80896K, used 26406K [0x0000000080000000, 0x0000000100000000)
  region size 1024K, 3 young (3072K), 3 survivors (3072K)
 Metaspace       used 35442K, committed 36288K, reserved 1114112K
  class space    used 4804K, committed 5184K, reserved 1048576K
}
Event: 3.815 GC heap before
{Heap before GC invocations=9 (full 0):
 garbage-first heap   total 80896K, used 69414K [0x0000000080000000, 0x0000000100000000)
  region size 1024K, 45 young (46080K), 3 survivors (3072K)
 Metaspace       used 42932K, committed 44096K, reserved 1114112K
  class space    used 5856K, committed 6400K, reserved 1048576K
}
Event: 3.819 GC heap after
{Heap after GC invocations=10 (full 0):
 garbage-first heap   total 97280K, used 29586K [0x0000000080000000, 0x0000000100000000)
  region size 1024K, 6 young (6144K), 6 survivors (6144K)
 Metaspace       used 42932K, committed 44096K, reserved 1114112K
  class space    used 5856K, committed 6400K, reserved 1048576K
}
Event: 4.099 GC heap before
{Heap before GC invocations=10 (full 0):
 garbage-first heap   total 97280K, used 80786K [0x0000000080000000, 0x0000000100000000)
  region size 1024K, 57 young (58368K), 6 survivors (6144K)
 Metaspace       used 46359K, committed 47552K, reserved 1114112K
  class space    used 6261K, committed 6848K, reserved 1048576K
}
Event: 4.104 GC heap after
{Heap after GC invocations=11 (full 0):
 garbage-first heap   total 97280K, used 32347K [0x0000000080000000, 0x0000000100000000)
  region size 1024K, 7 young (7168K), 7 survivors (7168K)
 Metaspace       used 46359K, committed 47552K, reserved 1114112K
  class space    used 6261K, committed 6848K, reserved 1048576K
}
Event: 4.835 GC heap before
{Heap before GC invocations=11 (full 0):
 garbage-first heap   total 97280K, used 84571K [0x0000000080000000, 0x0000000100000000)
  region size 1024K, 56 young (57344K), 7 survivors (7168K)
 Metaspace       used 52943K, committed 54336K, reserved 1114112K
  class space    used 7202K, committed 7872K, reserved 1048576K
}
Event: 4.840 GC heap after
{Heap after GC invocations=12 (full 0):
 garbage-first heap   total 97280K, used 35532K [0x0000000080000000, 0x0000000100000000)
  region size 1024K, 7 young (7168K), 7 survivors (7168K)
 Metaspace       used 52943K, committed 54336K, reserved 1114112K
  class space    used 7202K, committed 7872K, reserved 1048576K
}
Event: 5.426 GC heap before
{Heap before GC invocations=12 (full 0):
 garbage-first heap   total 97280K, used 78540K [0x0000000080000000, 0x0000000100000000)
  region size 1024K, 50 young (51200K), 7 survivors (7168K)
 Metaspace       used 59216K, committed 60608K, reserved 1114112K
  class space    used 8098K, committed 8768K, reserved 1048576K
}
Event: 5.431 GC heap after
{Heap after GC invocations=13 (full 0):
 garbage-first heap   total 97280K, used 37558K [0x0000000080000000, 0x0000000100000000)
  region size 1024K, 6 young (6144K), 6 survivors (6144K)
 Metaspace       used 59216K, committed 60608K, reserved 1114112K
  class space    used 8098K, committed 8768K, reserved 1048576K
}
Event: 6.068 GC heap before
{Heap before GC invocations=14 (full 0):
 garbage-first heap   total 97280K, used 83638K [0x0000000080000000, 0x0000000100000000)
  region size 1024K, 51 young (52224K), 6 survivors (6144K)
 Metaspace       used 65943K, committed 67584K, reserved 1114112K
  class space    used 9098K, committed 9920K, reserved 1048576K
}
Event: 6.073 GC heap after
{Heap after GC invocations=15 (full 0):
 garbage-first heap   total 97280K, used 42086K [0x0000000080000000, 0x0000000100000000)
  region size 1024K, 7 young (7168K), 7 survivors (7168K)
 Metaspace       used 65943K, committed 67584K, reserved 1114112K
  class space    used 9098K, committed 9920K, reserved 1048576K
}

