# JRE version: OpenJDK Runtime Environment (21.0.3) (build 21.0.3+-12282718-b509.11)
# Java VM: OpenJDK 64-Bit Server VM (21.0.3+-12282718-b509.11, mixed mode, tiered, compressed oops, compressed class ptrs, g1 gc, windows-amd64)
GC Precious Log:
 CardTable entry size: 512
 Card Set container configuration: InlinePtr #cards 5 size 8 Array Of Cards #cards 12 size 40 Howl #buckets 4 coarsen threshold 1843 Howl Bitmap #cards 512 size 80 coarsen threshold 460 Card regions per heap region 1 cards per card region 2048
 CPUs: 12 total, 12 available
 Memory: 7489M
 Large Page Support: Disabled
 NUMA Support: Disabled
 Compressed Oops: Enabled (32-bit)
 Heap Region Size: 1M
 Heap Min Capacity: 8M
 Heap Initial Capacity: 118M
 Heap Max Capacity: 2G
 Pre-touch: Disabled
 Parallel Workers: 10
 Concurrent Workers: 3
 Concurrent Refinement Workers: 10
 Periodic GC: Disabled
Heap:
 garbage-first heap   total 164864K, used 96520K [0x0000000080000000, 0x0000000100000000)
  region size 1024K, 8 young (8192K), 8 survivors (8192K)
 Metaspace       used 106764K, committed 108864K, reserved 1179648K
  class space    used 14733K, committed 15744K, reserved 1048576K
GC Heap History (20 events):
Event: 76.367 GC heap after
{Heap after GC invocations=25 (full 0):
 garbage-first heap   total 131072K, used 63411K [0x0000000080000000, 0x0000000100000000)
  region size 1024K, 3 young (3072K), 3 survivors (3072K)
 Metaspace       used 77322K, committed 78976K, reserved 1179648K
  class space    used 10476K, committed 11328K, reserved 1048576K
}
Event: 77.015 GC heap before
{Heap before GC invocations=25 (full 0):
 garbage-first heap   total 131072K, used 122803K [0x0000000080000000, 0x0000000100000000)
  region size 1024K, 56 young (57344K), 3 survivors (3072K)
 Metaspace       used 81565K, committed 83392K, reserved 1179648K
  class space    used 11107K, committed 12032K, reserved 1048576K
}
Event: 77.020 GC heap after
{Heap after GC invocations=26 (full 0):
 garbage-first heap   total 132096K, used 69126K [0x0000000080000000, 0x0000000100000000)
  region size 1024K, 7 young (7168K), 7 survivors (7168K)
 Metaspace       used 81565K, committed 83392K, reserved 1179648K
  class space    used 11107K, committed 12032K, reserved 1048576K
}
Event: 77.603 GC heap before
{Heap before GC invocations=26 (full 0):
 garbage-first heap   total 132096K, used 117254K [0x0000000080000000, 0x0000000100000000)
  region size 1024K, 54 young (55296K), 7 survivors (7168K)
 Metaspace       used 85235K, committed 87104K, reserved 1179648K
  class space    used 11580K, committed 12480K, reserved 1048576K
}
Event: 77.610 GC heap after
{Heap after GC invocations=27 (full 0):
 garbage-first heap   total 132096K, used 73452K [0x0000000080000000, 0x0000000100000000)
  region size 1024K, 5 young (5120K), 5 survivors (5120K)
 Metaspace       used 85235K, committed 87104K, reserved 1179648K
  class space    used 11580K, committed 12480K, reserved 1048576K
}
Event: 78.153 GC heap before
{Heap before GC invocations=28 (full 0):
 garbage-first heap   total 132096K, used 118508K [0x0000000080000000, 0x0000000100000000)
  region size 1024K, 49 young (50176K), 5 survivors (5120K)
 Metaspace       used 87580K, committed 89408K, reserved 1179648K
  class space    used 11911K, committed 12800K, reserved 1048576K
}
Event: 78.157 GC heap after
{Heap after GC invocations=29 (full 0):
 garbage-first heap   total 132096K, used 76204K [0x0000000080000000, 0x0000000100000000)
  region size 1024K, 4 young (4096K), 4 survivors (4096K)
 Metaspace       used 87580K, committed 89408K, reserved 1179648K
  class space    used 11911K, committed 12800K, reserved 1048576K
}
Event: 78.676 GC heap before
{Heap before GC invocations=29 (full 0):
 garbage-first heap   total 132096K, used 119212K [0x0000000080000000, 0x0000000100000000)
  region size 1024K, 46 young (47104K), 4 survivors (4096K)
 Metaspace       used 91022K, committed 92864K, reserved 1179648K
  class space    used 12517K, committed 13440K, reserved 1048576K
}
Event: 78.680 GC heap after
{Heap after GC invocations=30 (full 0):
 garbage-first heap   total 132096K, used 76474K [0x0000000080000000, 0x0000000100000000)
  region size 1024K, 2 young (2048K), 2 survivors (2048K)
 Metaspace       used 91022K, committed 92864K, reserved 1179648K
  class space    used 12517K, committed 13440K, reserved 1048576K
}
Event: 79.205 GC heap before
{Heap before GC invocations=30 (full 0):
 garbage-first heap   total 132096K, used 119482K [0x0000000080000000, 0x0000000100000000)
  region size 1024K, 44 young (45056K), 2 survivors (2048K)
 Metaspace       used 94495K, committed 96448K, reserved 1179648K
  class space    used 13003K, committed 13952K, reserved 1048576K
}
Event: 79.210 GC heap after
{Heap after GC invocations=31 (full 0):
 garbage-first heap   total 132096K, used 78635K [0x0000000080000000, 0x0000000100000000)
  region size 1024K, 4 young (4096K), 4 survivors (4096K)
 Metaspace       used 94495K, committed 96448K, reserved 1179648K
  class space    used 13003K, committed 13952K, reserved 1048576K
}
Event: 79.761 GC heap before
{Heap before GC invocations=32 (full 0):
 garbage-first heap   total 137216K, used 118571K [0x0000000080000000, 0x0000000100000000)
  region size 1024K, 43 young (44032K), 4 survivors (4096K)
 Metaspace       used 97422K, committed 99456K, reserved 1179648K
  class space    used 13482K, committed 14464K, reserved 1048576K
}
Event: 79.765 GC heap after
{Heap after GC invocations=33 (full 0):
 garbage-first heap   total 137216K, used 81269K [0x0000000080000000, 0x0000000100000000)
  region size 1024K, 6 young (6144K), 6 survivors (6144K)
 Metaspace       used 97422K, committed 99456K, reserved 1179648K
  class space    used 13482K, committed 14464K, reserved 1048576K
}
Event: 80.309 GC heap before
{Heap before GC invocations=33 (full 0):
 garbage-first heap   total 137216K, used 121205K [0x0000000080000000, 0x0000000100000000)
  region size 1024K, 45 young (46080K), 6 survivors (6144K)
 Metaspace       used 101178K, committed 103232K, reserved 1179648K
  class space    used 14006K, committed 15040K, reserved 1048576K
}
Event: 80.314 GC heap after
{Heap after GC invocations=34 (full 0):
 garbage-first heap   total 137216K, used 82537K [0x0000000080000000, 0x0000000100000000)
  region size 1024K, 5 young (5120K), 5 survivors (5120K)
 Metaspace       used 101178K, committed 103232K, reserved 1179648K
  class space    used 14006K, committed 15040K, reserved 1048576K
}
Event: 80.962 GC heap before
{Heap before GC invocations=34 (full 0):
 garbage-first heap   total 137216K, used 123497K [0x0000000080000000, 0x0000000100000000)
  region size 1024K, 45 young (46080K), 5 survivors (5120K)
 Metaspace       used 104257K, committed 106368K, reserved 1179648K
  class space    used 14507K, committed 15552K, reserved 1048576K
}
Event: 80.970 GC heap after
{Heap after GC invocations=35 (full 0):
 garbage-first heap   total 137216K, used 86481K [0x0000000080000000, 0x0000000100000000)
  region size 1024K, 6 young (6144K), 6 survivors (6144K)
 Metaspace       used 104257K, committed 106368K, reserved 1179648K
  class space    used 14507K, committed 15552K, reserved 1048576K
}
Event: 81.217 GC heap before
{Heap before GC invocations=36 (full 0):
 garbage-first heap   total 157696K, used 121297K [0x0000000080000000, 0x0000000100000000)
  region size 1024K, 40 young (40960K), 6 survivors (6144K)
 Metaspace       used 104279K, committed 106432K, reserved 1179648K
  class space    used 14508K, committed 15552K, reserved 1048576K
}
Event: 81.224 GC heap after
{Heap after GC invocations=37 (full 0):
 garbage-first heap   total 157696K, used 89184K [0x0000000080000000, 0x0000000100000000)
  region size 1024K, 4 young (4096K), 4 survivors (4096K)
 Metaspace       used 104279K, committed 106432K, reserved 1179648K
  class space    used 14508K, committed 15552K, reserved 1048576K
}
Event: 81.890 GC heap before
{Heap before GC invocations=37 (full 0):
 garbage-first heap   total 157696K, used 149600K [0x0000000080000000, 0x0000000100000000)
  region size 1024K, 57 young (58368K), 4 survivors (4096K)
 Metaspace       used 106764K, committed 108864K, reserved 1179648K
  class space    used 14733K, committed 15744K, reserved 1048576K
}

