# JRE version: OpenJDK Runtime Environment (21.0.3) (build 21.0.3+-12282718-b509.11)
# Java VM: OpenJDK 64-Bit Server VM (21.0.3+-12282718-b509.11, mixed mode, tiered, compressed oops, compressed class ptrs, g1 gc, windows-amd64)
GC Precious Log:
 CardTable entry size: 512
 Card Set container configuration: InlinePtr #cards 5 size 8 Array Of Cards #cards 12 size 40 Howl #buckets 4 coarsen threshold 1843 Howl Bitmap #cards 512 size 80 coarsen threshold 460 Card regions per heap region 1 cards per card region 2048
 CPUs: 12 total, 12 available
 Memory: 7489M
 Large Page Support: Disabled
 NUMA Support: Disabled
 Compressed Oops: Enabled (32-bit)
 Heap Region Size: 1M
 Heap Min Capacity: 8M
 Heap Initial Capacity: 118M
 Heap Max Capacity: 2G
 Pre-touch: Disabled
 Parallel Workers: 10
 Concurrent Workers: 3
 Concurrent Refinement Workers: 10
 Periodic GC: Disabled
Heap:
 garbage-first heap   total 158720K, used 85416K [0x0000000080000000, 0x0000000100000000)
  region size 1024K, 13 young (13312K), 8 survivors (8192K)
 Metaspace       used 76738K, committed 78592K, reserved 1179648K
  class space    used 10578K, committed 11520K, reserved 1048576K
GC Heap History (20 events):
Event: 3.337 GC heap before
{Heap before GC invocations=7 (full 0):
 garbage-first heap   total 89088K, used 44798K [0x0000000080000000, 0x0000000100000000)
  region size 1024K, 10 young (10240K), 6 survivors (6144K)
 Metaspace       used 35410K, committed 36288K, reserved 1114112K
  class space    used 4809K, committed 5248K, reserved 1048576K
}
Event: 3.341 GC heap after
{Heap after GC invocations=8 (full 0):
 garbage-first heap   total 107520K, used 42758K [0x0000000080000000, 0x0000000100000000)
  region size 1024K, 1 young (1024K), 1 survivors (1024K)
 Metaspace       used 35410K, committed 36288K, reserved 1114112K
  class space    used 4809K, committed 5248K, reserved 1048576K
}
Event: 4.027 GC heap before
{Heap before GC invocations=9 (full 0):
 garbage-first heap   total 107520K, used 84742K [0x0000000080000000, 0x0000000100000000)
  region size 1024K, 42 young (43008K), 1 survivors (1024K)
 Metaspace       used 40507K, committed 41600K, reserved 1114112K
  class space    used 5651K, committed 6208K, reserved 1048576K
}
Event: 4.030 GC heap after
{Heap after GC invocations=10 (full 0):
 garbage-first heap   total 107520K, used 44354K [0x0000000080000000, 0x0000000100000000)
  region size 1024K, 3 young (3072K), 3 survivors (3072K)
 Metaspace       used 40507K, committed 41600K, reserved 1114112K
  class space    used 5651K, committed 6208K, reserved 1048576K
}
Event: 4.903 GC heap before
{Heap before GC invocations=10 (full 0):
 garbage-first heap   total 107520K, used 86338K [0x0000000080000000, 0x0000000100000000)
  region size 1024K, 45 young (46080K), 3 survivors (3072K)
 Metaspace       used 48645K, committed 49920K, reserved 1114112K
  class space    used 6665K, committed 7296K, reserved 1048576K
}
Event: 4.909 GC heap after
{Heap after GC invocations=11 (full 0):
 garbage-first heap   total 107520K, used 48737K [0x0000000080000000, 0x0000000100000000)
  region size 1024K, 6 young (6144K), 6 survivors (6144K)
 Metaspace       used 48645K, committed 49920K, reserved 1114112K
  class space    used 6665K, committed 7296K, reserved 1048576K
}
Event: 5.658 GC heap before
{Heap before GC invocations=11 (full 0):
 garbage-first heap   total 107520K, used 94817K [0x0000000080000000, 0x0000000100000000)
  region size 1024K, 46 young (47104K), 6 survivors (6144K)
 Metaspace       used 51696K, committed 53056K, reserved 1114112K
  class space    used 6977K, committed 7680K, reserved 1048576K
}
Event: 5.665 GC heap after
{Heap after GC invocations=12 (full 0):
 garbage-first heap   total 107520K, used 52370K [0x0000000080000000, 0x0000000100000000)
  region size 1024K, 4 young (4096K), 4 survivors (4096K)
 Metaspace       used 51696K, committed 53056K, reserved 1114112K
  class space    used 6977K, committed 7680K, reserved 1048576K
}
Event: 6.360 GC heap before
{Heap before GC invocations=12 (full 0):
 garbage-first heap   total 107520K, used 88210K [0x0000000080000000, 0x0000000100000000)
  region size 1024K, 41 young (41984K), 4 survivors (4096K)
 Metaspace       used 55795K, committed 57280K, reserved 1114112K
  class space    used 7675K, committed 8384K, reserved 1048576K
}
Event: 6.363 GC heap after
{Heap after GC invocations=13 (full 0):
 garbage-first heap   total 107520K, used 55267K [0x0000000080000000, 0x0000000100000000)
  region size 1024K, 3 young (3072K), 3 survivors (3072K)
 Metaspace       used 55795K, committed 57280K, reserved 1114112K
  class space    used 7675K, committed 8384K, reserved 1048576K
}
Event: 7.173 GC heap before
{Heap before GC invocations=14 (full 0):
 garbage-first heap   total 107520K, used 106467K [0x0000000080000000, 0x0000000100000000)
  region size 1024K, 38 young (38912K), 3 survivors (3072K)
 Metaspace       used 58434K, committed 59968K, reserved 1114112K
  class space    used 7903K, committed 8640K, reserved 1048576K
}
Event: 7.178 GC heap after
{Heap after GC invocations=15 (full 0):
 garbage-first heap   total 116736K, used 74890K [0x0000000080000000, 0x0000000100000000)
  region size 1024K, 6 young (6144K), 6 survivors (6144K)
 Metaspace       used 58434K, committed 59968K, reserved 1114112K
  class space    used 7903K, committed 8640K, reserved 1048576K
}
Event: 7.328 GC heap before
{Heap before GC invocations=15 (full 0):
 garbage-first heap   total 116736K, used 102538K [0x0000000080000000, 0x0000000100000000)
  region size 1024K, 33 young (33792K), 6 survivors (6144K)
 Metaspace       used 59346K, committed 60928K, reserved 1114112K
  class space    used 8067K, committed 8832K, reserved 1048576K
}
Event: 7.333 GC heap after
{Heap after GC invocations=16 (full 0):
 garbage-first heap   total 116736K, used 76076K [0x0000000080000000, 0x0000000100000000)
  region size 1024K, 2 young (2048K), 2 survivors (2048K)
 Metaspace       used 59346K, committed 60928K, reserved 1114112K
  class space    used 8067K, committed 8832K, reserved 1048576K
}
Event: 7.831 GC heap before
{Heap before GC invocations=16 (full 0):
 garbage-first heap   total 116736K, used 104748K [0x0000000080000000, 0x0000000100000000)
  region size 1024K, 30 young (30720K), 2 survivors (2048K)
 Metaspace       used 63226K, committed 64768K, reserved 1114112K
  class space    used 8575K, committed 9344K, reserved 1048576K
}
Event: 7.834 GC heap after
{Heap after GC invocations=17 (full 0):
 garbage-first heap   total 116736K, used 77101K [0x0000000080000000, 0x0000000100000000)
  region size 1024K, 3 young (3072K), 3 survivors (3072K)
 Metaspace       used 63226K, committed 64768K, reserved 1114112K
  class space    used 8575K, committed 9344K, reserved 1048576K
}
Event: 8.259 GC heap before
{Heap before GC invocations=18 (full 0):
 garbage-first heap   total 132096K, used 105773K [0x0000000080000000, 0x0000000100000000)
  region size 1024K, 31 young (31744K), 3 survivors (3072K)
 Metaspace       used 67117K, committed 68736K, reserved 1114112K
  class space    used 9208K, committed 9984K, reserved 1048576K
}
Event: 8.262 GC heap after
{Heap after GC invocations=19 (full 0):
 garbage-first heap   total 158720K, used 78793K [0x0000000080000000, 0x0000000100000000)
  region size 1024K, 3 young (3072K), 3 survivors (3072K)
 Metaspace       used 67117K, committed 68736K, reserved 1114112K
  class space    used 9208K, committed 9984K, reserved 1048576K
}
Event: 9.106 GC heap before
{Heap before GC invocations=19 (full 0):
 garbage-first heap   total 158720K, used 138185K [0x0000000080000000, 0x0000000100000000)
  region size 1024K, 62 young (63488K), 3 survivors (3072K)
 Metaspace       used 75461K, committed 77248K, reserved 1179648K
  class space    used 10390K, committed 11264K, reserved 1048576K
}
Event: 9.112 GC heap after
{Heap after GC invocations=20 (full 0):
 garbage-first heap   total 158720K, used 82344K [0x0000000080000000, 0x0000000100000000)
  region size 1024K, 8 young (8192K), 8 survivors (8192K)
 Metaspace       used 75461K, committed 77248K, reserved 1179648K
  class space    used 10390K, committed 11264K, reserved 1048576K
}

