# JRE version: OpenJDK Runtime Environment (21.0.3) (build 21.0.3+-12282718-b509.11)
# Java VM: OpenJDK 64-Bit Server VM (21.0.3+-12282718-b509.11, mixed mode, tiered, compressed oops, compressed class ptrs, g1 gc, windows-amd64)
GC Precious Log:
 CardTable entry size: 512
 Card Set container configuration: InlinePtr #cards 5 size 8 Array Of Cards #cards 12 size 40 Howl #buckets 4 coarsen threshold 1843 Howl Bitmap #cards 512 size 80 coarsen threshold 460 Card regions per heap region 1 cards per card region 2048
 CPUs: 12 total, 12 available
 Memory: 7489M
 Large Page Support: Disabled
 NUMA Support: Disabled
 Compressed Oops: Enabled (32-bit)
 Heap Region Size: 1M
 Heap Min Capacity: 8M
 Heap Initial Capacity: 118M
 Heap Max Capacity: 2G
 Pre-touch: Disabled
 Parallel Workers: 10
 Concurrent Workers: 3
 Concurrent Refinement Workers: 10
 Periodic GC: Disabled
Heap:
 garbage-first heap   total 121856K, used 61289K [0x0000000080000000, 0x0000000100000000)
  region size 1024K, 7 young (7168K), 7 survivors (7168K)
 Metaspace       used 72225K, committed 73856K, reserved 1114112K
  class space    used 9898K, committed 10688K, reserved 1048576K
GC Heap History (20 events):
Event: 6.614 GC heap after
{Heap after GC invocations=10 (full 0):
 garbage-first heap   total 80896K, used 29355K [0x0000000080000000, 0x0000000100000000)
  region size 1024K, 6 young (6144K), 6 survivors (6144K)
 Metaspace       used 40725K, committed 41856K, reserved 1114112K
  class space    used 5633K, committed 6208K, reserved 1048576K
}
Event: 7.054 GC heap before
{Heap before GC invocations=10 (full 0):
 garbage-first heap   total 80896K, used 66219K [0x0000000080000000, 0x0000000100000000)
  region size 1024K, 43 young (44032K), 6 survivors (6144K)
 Metaspace       used 45878K, committed 47040K, reserved 1114112K
  class space    used 6173K, committed 6784K, reserved 1048576K
}
Event: 7.060 GC heap after
{Heap after GC invocations=11 (full 0):
 garbage-first heap   total 80896K, used 32386K [0x0000000080000000, 0x0000000100000000)
  region size 1024K, 6 young (6144K), 6 survivors (6144K)
 Metaspace       used 45878K, committed 47040K, reserved 1114112K
  class space    used 6173K, committed 6784K, reserved 1048576K
}
Event: 7.312 GC heap before
{Heap before GC invocations=11 (full 0):
 garbage-first heap   total 80896K, used 69250K [0x0000000080000000, 0x0000000100000000)
  region size 1024K, 42 young (43008K), 6 survivors (6144K)
 Metaspace       used 48172K, committed 49472K, reserved 1114112K
  class space    used 6546K, committed 7168K, reserved 1048576K
}
Event: 7.316 GC heap after
{Heap after GC invocations=12 (full 0):
 garbage-first heap   total 97280K, used 34727K [0x0000000080000000, 0x0000000100000000)
  region size 1024K, 6 young (6144K), 6 survivors (6144K)
 Metaspace       used 48172K, committed 49472K, reserved 1114112K
  class space    used 6546K, committed 7168K, reserved 1048576K
}
Event: 7.886 GC heap before
{Heap before GC invocations=12 (full 0):
 garbage-first heap   total 97280K, used 83879K [0x0000000080000000, 0x0000000100000000)
  region size 1024K, 53 young (54272K), 6 survivors (6144K)
 Metaspace       used 55233K, committed 56640K, reserved 1114112K
  class space    used 7501K, committed 8192K, reserved 1048576K
}
Event: 7.891 GC heap after
{Heap after GC invocations=13 (full 0):
 garbage-first heap   total 97280K, used 36839K [0x0000000080000000, 0x0000000100000000)
  region size 1024K, 5 young (5120K), 5 survivors (5120K)
 Metaspace       used 55233K, committed 56640K, reserved 1114112K
  class space    used 7501K, committed 8192K, reserved 1048576K
}
Event: 8.199 GC heap before
{Heap before GC invocations=13 (full 0):
 garbage-first heap   total 97280K, used 61415K [0x0000000080000000, 0x0000000100000000)
  region size 1024K, 30 young (30720K), 5 survivors (5120K)
 Metaspace       used 58943K, committed 60288K, reserved 1114112K
  class space    used 8047K, committed 8704K, reserved 1048576K
}
Event: 8.203 GC heap after
{Heap after GC invocations=14 (full 0):
 garbage-first heap   total 97280K, used 38465K [0x0000000080000000, 0x0000000100000000)
  region size 1024K, 4 young (4096K), 4 survivors (4096K)
 Metaspace       used 58943K, committed 60288K, reserved 1114112K
  class space    used 8047K, committed 8704K, reserved 1048576K
}
Event: 9.054 GC heap before
{Heap before GC invocations=15 (full 0):
 garbage-first heap   total 97280K, used 85569K [0x0000000080000000, 0x0000000100000000)
  region size 1024K, 51 young (52224K), 4 survivors (4096K)
 Metaspace       used 65897K, committed 67584K, reserved 1114112K
  class space    used 9087K, committed 9920K, reserved 1048576K
}
Event: 9.060 GC heap after
{Heap after GC invocations=16 (full 0):
 garbage-first heap   total 97280K, used 42733K [0x0000000080000000, 0x0000000100000000)
  region size 1024K, 7 young (7168K), 7 survivors (7168K)
 Metaspace       used 65897K, committed 67584K, reserved 1114112K
  class space    used 9087K, committed 9920K, reserved 1048576K
}
Event: 244.945 GC heap before
{Heap before GC invocations=16 (full 0):
 garbage-first heap   total 97280K, used 82669K [0x0000000080000000, 0x0000000100000000)
  region size 1024K, 47 young (48128K), 7 survivors (7168K)
 Metaspace       used 70628K, committed 72256K, reserved 1114112K
  class space    used 9696K, committed 10496K, reserved 1048576K
}
Event: 244.995 GC heap after
{Heap after GC invocations=17 (full 0):
 garbage-first heap   total 97280K, used 46284K [0x0000000080000000, 0x0000000100000000)
  region size 1024K, 5 young (5120K), 5 survivors (5120K)
 Metaspace       used 70628K, committed 72256K, reserved 1114112K
  class space    used 9696K, committed 10496K, reserved 1048576K
}
Event: 245.271 GC heap before
{Heap before GC invocations=17 (full 0):
 garbage-first heap   total 97280K, used 85196K [0x0000000080000000, 0x0000000100000000)
  region size 1024K, 43 young (44032K), 5 survivors (5120K)
 Metaspace       used 71260K, committed 72832K, reserved 1114112K
  class space    used 9779K, committed 10560K, reserved 1048576K
}
Event: 245.279 GC heap after
{Heap after GC invocations=18 (full 0):
 garbage-first heap   total 97280K, used 50116K [0x0000000080000000, 0x0000000100000000)
  region size 1024K, 4 young (4096K), 4 survivors (4096K)
 Metaspace       used 71260K, committed 72832K, reserved 1114112K
  class space    used 9779K, committed 10560K, reserved 1048576K
}
Event: 245.378 GC heap before
{Heap before GC invocations=18 (full 0):
 garbage-first heap   total 97280K, used 85956K [0x0000000080000000, 0x0000000100000000)
  region size 1024K, 40 young (40960K), 4 survivors (4096K)
 Metaspace       used 71450K, committed 73024K, reserved 1114112K
  class space    used 9779K, committed 10560K, reserved 1048576K
}
Event: 245.383 GC heap after
{Heap after GC invocations=19 (full 0):
 garbage-first heap   total 97280K, used 51077K [0x0000000080000000, 0x0000000100000000)
  region size 1024K, 4 young (4096K), 4 survivors (4096K)
 Metaspace       used 71450K, committed 73024K, reserved 1114112K
  class space    used 9779K, committed 10560K, reserved 1048576K
}
Event: 245.496 GC heap before
{Heap before GC invocations=20 (full 0):
 garbage-first heap   total 116736K, used 83845K [0x0000000080000000, 0x0000000100000000)
  region size 1024K, 37 young (37888K), 4 survivors (4096K)
 Metaspace       used 71566K, committed 73152K, reserved 1114112K
  class space    used 9780K, committed 10560K, reserved 1048576K
}
Event: 245.500 GC heap after
{Heap after GC invocations=21 (full 0):
 garbage-first heap   total 116736K, used 51806K [0x0000000080000000, 0x0000000100000000)
  region size 1024K, 3 young (3072K), 3 survivors (3072K)
 Metaspace       used 71566K, committed 73152K, reserved 1114112K
  class space    used 9780K, committed 10560K, reserved 1048576K
}
Event: 246.062 GC heap before
{Heap before GC invocations=21 (full 0):
 garbage-first heap   total 116736K, used 108126K [0x0000000080000000, 0x0000000100000000)
  region size 1024K, 53 young (54272K), 3 survivors (3072K)
 Metaspace       used 72225K, committed 73856K, reserved 1114112K
  class space    used 9898K, committed 10688K, reserved 1048576K
}

