# JRE version: OpenJDK Runtime Environment (21.0.3) (build 21.0.3+-12282718-b509.11)
# Java VM: OpenJDK 64-Bit Server VM (21.0.3+-12282718-b509.11, mixed mode, tiered, compressed oops, compressed class ptrs, g1 gc, windows-amd64)
GC Precious Log:
 CardTable entry size: 512
 Card Set container configuration: InlinePtr #cards 5 size 8 Array Of Cards #cards 12 size 40 Howl #buckets 4 coarsen threshold 1843 Howl Bitmap #cards 512 size 80 coarsen threshold 460 Card regions per heap region 1 cards per card region 2048
 CPUs: 12 total, 12 available
 Memory: 7489M
 Large Page Support: Disabled
 NUMA Support: Disabled
 Compressed Oops: Enabled (32-bit)
 Heap Region Size: 1M
 Heap Min Capacity: 8M
 Heap Initial Capacity: 118M
 Heap Max Capacity: 2G
 Pre-touch: Disabled
 Parallel Workers: 10
 Concurrent Workers: 3
 Concurrent Refinement Workers: 10
 Periodic GC: Disabled
Heap:
 garbage-first heap   total 162816K, used 98425K [0x0000000080000000, 0x0000000100000000)
  region size 1024K, 20 young (20480K), 7 survivors (7168K)
 Metaspace       used 76440K, committed 78208K, reserved 1179648K
  class space    used 10436K, committed 11328K, reserved 1048576K
GC Heap History (20 events):
Event: 4.182 GC heap before
{Heap before GC invocations=12 (full 0):
 garbage-first heap   total 98304K, used 51288K [0x0000000080000000, 0x0000000100000000)
  region size 1024K, 5 young (5120K), 4 survivors (4096K)
 Metaspace       used 49449K, committed 50688K, reserved 1114112K
  class space    used 6735K, committed 7360K, reserved 1048576K
}
Event: 4.185 GC heap after
{Heap after GC invocations=13 (full 0):
 garbage-first heap   total 98304K, used 51046K [0x0000000080000000, 0x0000000100000000)
  region size 1024K, 1 young (1024K), 1 survivors (1024K)
 Metaspace       used 49449K, committed 50688K, reserved 1114112K
  class space    used 6735K, committed 7360K, reserved 1048576K
}
Event: 4.492 GC heap before
{Heap before GC invocations=14 (full 0):
 garbage-first heap   total 98304K, used 81766K [0x0000000080000000, 0x0000000100000000)
  region size 1024K, 26 young (26624K), 1 survivors (1024K)
 Metaspace       used 53076K, committed 54528K, reserved 1114112K
  class space    used 7216K, committed 7936K, reserved 1048576K
}
Event: 4.494 GC heap after
{Heap after GC invocations=15 (full 0):
 garbage-first heap   total 98304K, used 52385K [0x0000000080000000, 0x0000000100000000)
  region size 1024K, 2 young (2048K), 2 survivors (2048K)
 Metaspace       used 53076K, committed 54528K, reserved 1114112K
  class space    used 7216K, committed 7936K, reserved 1048576K
}
Event: 4.820 GC heap before
{Heap before GC invocations=15 (full 0):
 garbage-first heap   total 98304K, used 81057K [0x0000000080000000, 0x0000000100000000)
  region size 1024K, 29 young (29696K), 2 survivors (2048K)
 Metaspace       used 55744K, committed 57280K, reserved 1114112K
  class space    used 7671K, committed 8448K, reserved 1048576K
}
Event: 4.823 GC heap after
{Heap after GC invocations=16 (full 0):
 garbage-first heap   total 98304K, used 56668K [0x0000000080000000, 0x0000000100000000)
  region size 1024K, 4 young (4096K), 4 survivors (4096K)
 Metaspace       used 55744K, committed 57280K, reserved 1114112K
  class space    used 7671K, committed 8448K, reserved 1048576K
}
Event: 4.907 GC heap before
{Heap before GC invocations=16 (full 0):
 garbage-first heap   total 98304K, used 65884K [0x0000000080000000, 0x0000000100000000)
  region size 1024K, 15 young (15360K), 4 survivors (4096K)
 Metaspace       used 55912K, committed 57472K, reserved 1114112K
  class space    used 7678K, committed 8448K, reserved 1048576K
}
Event: 4.910 GC heap after
{Heap after GC invocations=17 (full 0):
 garbage-first heap   total 98304K, used 58599K [0x0000000080000000, 0x0000000100000000)
  region size 1024K, 3 young (3072K), 3 survivors (3072K)
 Metaspace       used 55912K, committed 57472K, reserved 1114112K
  class space    used 7678K, committed 8448K, reserved 1048576K
}
Event: 5.155 GC heap before
{Heap before GC invocations=18 (full 0):
 garbage-first heap   total 111616K, used 97511K [0x0000000080000000, 0x0000000100000000)
  region size 1024K, 28 young (28672K), 3 survivors (3072K)
 Metaspace       used 58254K, committed 59776K, reserved 1114112K
  class space    used 7890K, committed 8640K, reserved 1048576K
}
Event: 5.157 GC heap after
{Heap after GC invocations=19 (full 0):
 garbage-first heap   total 134144K, used 74557K [0x0000000080000000, 0x0000000100000000)
  region size 1024K, 4 young (4096K), 4 survivors (4096K)
 Metaspace       used 58254K, committed 59776K, reserved 1114112K
  class space    used 7890K, committed 8640K, reserved 1048576K
}
Event: 5.394 GC heap before
{Heap before GC invocations=19 (full 0):
 garbage-first heap   total 134144K, used 108349K [0x0000000080000000, 0x0000000100000000)
  region size 1024K, 37 young (37888K), 4 survivors (4096K)
 Metaspace       used 60639K, committed 62208K, reserved 1114112K
  class space    used 8247K, committed 9024K, reserved 1048576K
}
Event: 5.397 GC heap after
{Heap after GC invocations=20 (full 0):
 garbage-first heap   total 134144K, used 75684K [0x0000000080000000, 0x0000000100000000)
  region size 1024K, 2 young (2048K), 2 survivors (2048K)
 Metaspace       used 60639K, committed 62208K, reserved 1114112K
  class space    used 8247K, committed 9024K, reserved 1048576K
}
Event: 5.731 GC heap before
{Heap before GC invocations=20 (full 0):
 garbage-first heap   total 134144K, used 110500K [0x0000000080000000, 0x0000000100000000)
  region size 1024K, 36 young (36864K), 2 survivors (2048K)
 Metaspace       used 65680K, committed 67264K, reserved 1114112K
  class space    used 8977K, committed 9792K, reserved 1048576K
}
Event: 5.733 GC heap after
{Heap after GC invocations=21 (full 0):
 garbage-first heap   total 134144K, used 77321K [0x0000000080000000, 0x0000000100000000)
  region size 1024K, 4 young (4096K), 4 survivors (4096K)
 Metaspace       used 65680K, committed 67264K, reserved 1114112K
  class space    used 8977K, committed 9792K, reserved 1048576K
}
Event: 6.073 GC heap before
{Heap before GC invocations=22 (full 0):
 garbage-first heap   total 135168K, used 113161K [0x0000000080000000, 0x0000000100000000)
  region size 1024K, 39 young (39936K), 4 survivors (4096K)
 Metaspace       used 69481K, committed 71168K, reserved 1114112K
  class space    used 9613K, committed 10496K, reserved 1048576K
}
Event: 6.076 GC heap after
{Heap after GC invocations=23 (full 0):
 garbage-first heap   total 135168K, used 79401K [0x0000000080000000, 0x0000000100000000)
  region size 1024K, 4 young (4096K), 4 survivors (4096K)
 Metaspace       used 69481K, committed 71168K, reserved 1114112K
  class space    used 9613K, committed 10496K, reserved 1048576K
}
Event: 6.547 GC heap before
{Heap before GC invocations=23 (full 0):
 garbage-first heap   total 135168K, used 115241K [0x0000000080000000, 0x0000000100000000)
  region size 1024K, 40 young (40960K), 4 survivors (4096K)
 Metaspace       used 75483K, committed 77248K, reserved 1179648K
  class space    used 10396K, committed 11264K, reserved 1048576K
}
Event: 6.552 GC heap after
{Heap after GC invocations=24 (full 0):
 garbage-first heap   total 162816K, used 82206K [0x0000000080000000, 0x0000000100000000)
  region size 1024K, 5 young (5120K), 5 survivors (5120K)
 Metaspace       used 75483K, committed 77248K, reserved 1179648K
  class space    used 10396K, committed 11264K, reserved 1048576K
}
Event: 7.258 GC heap before
{Heap before GC invocations=24 (full 0):
 garbage-first heap   total 162816K, used 132382K [0x0000000080000000, 0x0000000100000000)
  region size 1024K, 55 young (56320K), 5 survivors (5120K)
 Metaspace       used 76327K, committed 78080K, reserved 1179648K
  class space    used 10436K, committed 11328K, reserved 1048576K
}
Event: 7.265 GC heap after
{Heap after GC invocations=25 (full 0):
 garbage-first heap   total 162816K, used 87161K [0x0000000080000000, 0x0000000100000000)
  region size 1024K, 7 young (7168K), 7 survivors (7168K)
 Metaspace       used 76327K, committed 78080K, reserved 1179648K
  class space    used 10436K, committed 11328K, reserved 1048576K
}

