# JRE version: OpenJDK Runtime Environment (21.0.3) (build 21.0.3+-12282718-b509.11)
# Java VM: OpenJDK 64-Bit Server VM (21.0.3+-12282718-b509.11, mixed mode, tiered, compressed oops, compressed class ptrs, g1 gc, windows-amd64)
GC Precious Log:
 CardTable entry size: 512
 Card Set container configuration: InlinePtr #cards 5 size 8 Array Of Cards #cards 12 size 40 Howl #buckets 4 coarsen threshold 1843 Howl Bitmap #cards 512 size 80 coarsen threshold 460 Card regions per heap region 1 cards per card region 2048
 CPUs: 12 total, 12 available
 Memory: 7489M
 Large Page Support: Disabled
 NUMA Support: Disabled
 Compressed Oops: Enabled (32-bit)
 Heap Region Size: 1M
 Heap Min Capacity: 8M
 Heap Initial Capacity: 118M
 Heap Max Capacity: 2G
 Pre-touch: Disabled
 Parallel Workers: 10
 Concurrent Workers: 3
 Concurrent Refinement Workers: 10
 Periodic GC: Disabled
Heap:
 garbage-first heap   total 183296K, used 118943K [0x0000000080000000, 0x0000000100000000)
  region size 1024K, 12 young (12288K), 8 survivors (8192K)
 Metaspace       used 115939K, committed 118080K, reserved 1179648K
  class space    used 15939K, committed 17024K, reserved 1048576K
GC Heap History (20 events):
Event: 245.020 GC heap before
{Heap before GC invocations=23 (full 0):
 garbage-first heap   total 177152K, used 163278K [0x0000000080000000, 0x0000000100000000)
  region size 1024K, 101 young (103424K), 8 survivors (8192K)
 Metaspace       used 81700K, committed 83520K, reserved 1179648K
  class space    used 11131K, committed 12032K, reserved 1048576K
}
Event: 245.029 GC heap after
{Heap after GC invocations=24 (full 0):
 garbage-first heap   total 180224K, used 71242K [0x0000000080000000, 0x0000000100000000)
  region size 1024K, 8 young (8192K), 8 survivors (8192K)
 Metaspace       used 81700K, committed 83520K, reserved 1179648K
  class space    used 11131K, committed 12032K, reserved 1048576K
}
Event: 247.524 GC heap before
{Heap before GC invocations=24 (full 0):
 garbage-first heap   total 180224K, used 160330K [0x0000000080000000, 0x0000000100000000)
  region size 1024K, 95 young (97280K), 8 survivors (8192K)
 Metaspace       used 87519K, committed 89408K, reserved 1179648K
  class space    used 11867K, committed 12800K, reserved 1048576K
}
Event: 247.534 GC heap after
{Heap after GC invocations=25 (full 0):
 garbage-first heap   total 180224K, used 76501K [0x0000000080000000, 0x0000000100000000)
  region size 1024K, 12 young (12288K), 12 survivors (12288K)
 Metaspace       used 87519K, committed 89408K, reserved 1179648K
  class space    used 11867K, committed 12800K, reserved 1048576K
}
Event: 247.806 GC heap before
{Heap before GC invocations=25 (full 0):
 garbage-first heap   total 180224K, used 96981K [0x0000000080000000, 0x0000000100000000)
  region size 1024K, 33 young (33792K), 12 survivors (12288K)
 Metaspace       used 89064K, committed 90944K, reserved 1179648K
  class space    used 12090K, committed 13056K, reserved 1048576K
}
Event: 247.814 GC heap after
{Heap after GC invocations=26 (full 0):
 garbage-first heap   total 180224K, used 78628K [0x0000000080000000, 0x0000000100000000)
  region size 1024K, 8 young (8192K), 8 survivors (8192K)
 Metaspace       used 89064K, committed 90944K, reserved 1179648K
  class space    used 12090K, committed 13056K, reserved 1048576K
}
Event: 248.705 GC heap before
{Heap before GC invocations=27 (full 0):
 garbage-first heap   total 180224K, used 162596K [0x0000000080000000, 0x0000000100000000)
  region size 1024K, 89 young (91136K), 8 survivors (8192K)
 Metaspace       used 95579K, committed 97600K, reserved 1179648K
  class space    used 13159K, committed 14144K, reserved 1048576K
}
Event: 248.710 GC heap after
{Heap after GC invocations=28 (full 0):
 garbage-first heap   total 180224K, used 81769K [0x0000000080000000, 0x0000000100000000)
  region size 1024K, 5 young (5120K), 5 survivors (5120K)
 Metaspace       used 95579K, committed 97600K, reserved 1179648K
  class space    used 13159K, committed 14144K, reserved 1048576K
}
Event: 249.604 GC heap before
{Heap before GC invocations=28 (full 0):
 garbage-first heap   total 180224K, used 164713K [0x0000000080000000, 0x0000000100000000)
  region size 1024K, 86 young (88064K), 5 survivors (5120K)
 Metaspace       used 102675K, committed 104704K, reserved 1179648K
  class space    used 14177K, committed 15232K, reserved 1048576K
}
Event: 249.611 GC heap after
{Heap after GC invocations=29 (full 0):
 garbage-first heap   total 180224K, used 85467K [0x0000000080000000, 0x0000000100000000)
  region size 1024K, 10 young (10240K), 10 survivors (10240K)
 Metaspace       used 102675K, committed 104704K, reserved 1179648K
  class space    used 14177K, committed 15232K, reserved 1048576K
}
Event: 250.427 GC heap before
{Heap before GC invocations=29 (full 0):
 garbage-first heap   total 180224K, used 158171K [0x0000000080000000, 0x0000000100000000)
  region size 1024K, 82 young (83968K), 10 survivors (10240K)
 Metaspace       used 105729K, committed 107776K, reserved 1179648K
  class space    used 14675K, committed 15680K, reserved 1048576K
}
Event: 250.438 GC heap after
{Heap after GC invocations=30 (full 0):
 garbage-first heap   total 180224K, used 91212K [0x0000000080000000, 0x0000000100000000)
  region size 1024K, 11 young (11264K), 11 survivors (11264K)
 Metaspace       used 105729K, committed 107776K, reserved 1179648K
  class space    used 14675K, committed 15680K, reserved 1048576K
}
Event: 251.006 GC heap before
{Heap before GC invocations=31 (full 0):
 garbage-first heap   total 180224K, used 156748K [0x0000000080000000, 0x0000000100000000)
  region size 1024K, 76 young (77824K), 11 survivors (11264K)
 Metaspace       used 106053K, committed 108160K, reserved 1179648K
  class space    used 14722K, committed 15744K, reserved 1048576K
}
Event: 251.017 GC heap after
{Heap after GC invocations=32 (full 0):
 garbage-first heap   total 180224K, used 94895K [0x0000000080000000, 0x0000000100000000)
  region size 1024K, 6 young (6144K), 6 survivors (6144K)
 Metaspace       used 106053K, committed 108160K, reserved 1179648K
  class space    used 14722K, committed 15744K, reserved 1048576K
}
Event: 251.464 GC heap before
{Heap before GC invocations=32 (full 0):
 garbage-first heap   total 180224K, used 167599K [0x0000000080000000, 0x0000000100000000)
  region size 1024K, 73 young (74752K), 6 survivors (6144K)
 Metaspace       used 107814K, committed 109888K, reserved 1179648K
  class space    used 14882K, committed 15936K, reserved 1048576K
}
Event: 251.473 GC heap after
{Heap after GC invocations=33 (full 0):
 garbage-first heap   total 183296K, used 98368K [0x0000000080000000, 0x0000000100000000)
  region size 1024K, 10 young (10240K), 10 survivors (10240K)
 Metaspace       used 107814K, committed 109888K, reserved 1179648K
  class space    used 14882K, committed 15936K, reserved 1048576K
}
Event: 251.674 GC heap before
{Heap before GC invocations=33 (full 0):
 garbage-first heap   total 183296K, used 111680K [0x0000000080000000, 0x0000000100000000)
  region size 1024K, 25 young (25600K), 10 survivors (10240K)
 Metaspace       used 109595K, committed 111744K, reserved 1179648K
  class space    used 15131K, committed 16192K, reserved 1048576K
}
Event: 251.682 GC heap after
{Heap after GC invocations=34 (full 0):
 garbage-first heap   total 183296K, used 101493K [0x0000000080000000, 0x0000000100000000)
  region size 1024K, 3 young (3072K), 3 survivors (3072K)
 Metaspace       used 109595K, committed 111744K, reserved 1179648K
  class space    used 15131K, committed 16192K, reserved 1048576K
}
Event: 252.468 GC heap before
{Heap before GC invocations=35 (full 0):
 garbage-first heap   total 183296K, used 167029K [0x0000000080000000, 0x0000000100000000)
  region size 1024K, 62 young (63488K), 3 survivors (3072K)
 Metaspace       used 115727K, committed 117824K, reserved 1179648K
  class space    used 15908K, committed 16960K, reserved 1048576K
}
Event: 252.476 GC heap after
{Heap after GC invocations=36 (full 0):
 garbage-first heap   total 183296K, used 115871K [0x0000000080000000, 0x0000000100000000)
  region size 1024K, 8 young (8192K), 8 survivors (8192K)
 Metaspace       used 115727K, committed 117824K, reserved 1179648K
  class space    used 15908K, committed 16960K, reserved 1048576K
}

