# JRE version: OpenJDK Runtime Environment (21.0.3) (build 21.0.3+-12282718-b509.11)
# Java VM: OpenJDK 64-Bit Server VM (21.0.3+-12282718-b509.11, mixed mode, tiered, compressed oops, compressed class ptrs, g1 gc, windows-amd64)
GC Precious Log:
 CardTable entry size: 512
 Card Set container configuration: InlinePtr #cards 5 size 8 Array Of Cards #cards 12 size 40 Howl #buckets 4 coarsen threshold 1843 Howl Bitmap #cards 512 size 80 coarsen threshold 460 Card regions per heap region 1 cards per card region 2048
 CPUs: 12 total, 12 available
 Memory: 7489M
 Large Page Support: Disabled
 NUMA Support: Disabled
 Compressed Oops: Enabled (32-bit)
 Heap Region Size: 1M
 Heap Min Capacity: 8M
 Heap Initial Capacity: 118M
 Heap Max Capacity: 2G
 Pre-touch: Disabled
 Parallel Workers: 10
 Concurrent Workers: 3
 Concurrent Refinement Workers: 10
 Periodic GC: Disabled
Heap:
 garbage-first heap   total 128000K, used 77136K [0x0000000080000000, 0x0000000100000000)
  region size 1024K, 2 young (2048K), 2 survivors (2048K)
 Metaspace       used 62890K, committed 64576K, reserved 1114112K
  class space    used 8529K, committed 9344K, reserved 1048576K
GC Heap History (20 events):
Event: 2.065 GC heap after
{Heap after GC invocations=4 (full 0):
 garbage-first heap   total 120832K, used 21052K [0x0000000080000000, 0x0000000100000000)
  region size 1024K, 2 young (2048K), 2 survivors (2048K)
 Metaspace       used 21217K, committed 21504K, reserved 1114112K
  class space    used 2451K, committed 2624K, reserved 1048576K
}
Event: 2.807 GC heap before
{Heap before GC invocations=5 (full 0):
 garbage-first heap   total 75776K, used 75324K [0x0000000080000000, 0x0000000100000000)
  region size 1024K, 55 young (56320K), 2 survivors (2048K)
 Metaspace       used 29987K, committed 30592K, reserved 1114112K
  class space    used 3873K, committed 4160K, reserved 1048576K
}
Event: 2.811 GC heap after
{Heap after GC invocations=6 (full 0):
 garbage-first heap   total 80896K, used 24049K [0x0000000080000000, 0x0000000100000000)
  region size 1024K, 5 young (5120K), 5 survivors (5120K)
 Metaspace       used 29987K, committed 30592K, reserved 1114112K
  class space    used 3873K, committed 4160K, reserved 1048576K
}
Event: 3.321 GC heap before
{Heap before GC invocations=6 (full 0):
 garbage-first heap   total 80896K, used 76273K [0x0000000080000000, 0x0000000100000000)
  region size 1024K, 46 young (47104K), 5 survivors (5120K)
 Metaspace       used 35125K, committed 35968K, reserved 1114112K
  class space    used 4756K, committed 5184K, reserved 1048576K
}
Event: 3.326 GC heap after
{Heap after GC invocations=7 (full 0):
 garbage-first heap   total 89088K, used 40540K [0x0000000080000000, 0x0000000100000000)
  region size 1024K, 6 young (6144K), 6 survivors (6144K)
 Metaspace       used 35125K, committed 35968K, reserved 1114112K
  class space    used 4756K, committed 5184K, reserved 1048576K
}
Event: 3.365 GC heap before
{Heap before GC invocations=7 (full 0):
 garbage-first heap   total 89088K, used 43612K [0x0000000080000000, 0x0000000100000000)
  region size 1024K, 9 young (9216K), 6 survivors (6144K)
 Metaspace       used 35265K, committed 36096K, reserved 1114112K
  class space    used 4783K, committed 5184K, reserved 1048576K
}
Event: 3.369 GC heap after
{Heap after GC invocations=8 (full 0):
 garbage-first heap   total 107520K, used 42986K [0x0000000080000000, 0x0000000100000000)
  region size 1024K, 1 young (1024K), 1 survivors (1024K)
 Metaspace       used 35265K, committed 36096K, reserved 1114112K
  class space    used 4783K, committed 5184K, reserved 1048576K
}
Event: 3.807 GC heap before
{Heap before GC invocations=9 (full 0):
 garbage-first heap   total 107520K, used 82922K [0x0000000080000000, 0x0000000100000000)
  region size 1024K, 40 young (40960K), 1 survivors (1024K)
 Metaspace       used 40163K, committed 41216K, reserved 1114112K
  class space    used 5583K, committed 6080K, reserved 1048576K
}
Event: 3.810 GC heap after
{Heap after GC invocations=10 (full 0):
 garbage-first heap   total 107520K, used 44414K [0x0000000080000000, 0x0000000100000000)
  region size 1024K, 3 young (3072K), 3 survivors (3072K)
 Metaspace       used 40163K, committed 41216K, reserved 1114112K
  class space    used 5583K, committed 6080K, reserved 1048576K
}
Event: 4.275 GC heap before
{Heap before GC invocations=10 (full 0):
 garbage-first heap   total 107520K, used 85374K [0x0000000080000000, 0x0000000100000000)
  region size 1024K, 44 young (45056K), 3 survivors (3072K)
 Metaspace       used 48458K, committed 49728K, reserved 1114112K
  class space    used 6633K, committed 7232K, reserved 1048576K
}
Event: 4.279 GC heap after
{Heap after GC invocations=11 (full 0):
 garbage-first heap   total 107520K, used 47950K [0x0000000080000000, 0x0000000100000000)
  region size 1024K, 6 young (6144K), 6 survivors (6144K)
 Metaspace       used 48458K, committed 49728K, reserved 1114112K
  class space    used 6633K, committed 7232K, reserved 1048576K
}
Event: 4.565 GC heap before
{Heap before GC invocations=11 (full 0):
 garbage-first heap   total 107520K, used 94030K [0x0000000080000000, 0x0000000100000000)
  region size 1024K, 47 young (48128K), 6 survivors (6144K)
 Metaspace       used 51552K, committed 52992K, reserved 1114112K
  class space    used 6945K, committed 7680K, reserved 1048576K
}
Event: 4.570 GC heap after
{Heap after GC invocations=12 (full 0):
 garbage-first heap   total 107520K, used 52064K [0x0000000080000000, 0x0000000100000000)
  region size 1024K, 5 young (5120K), 5 survivors (5120K)
 Metaspace       used 51552K, committed 52992K, reserved 1114112K
  class space    used 6945K, committed 7680K, reserved 1048576K
}
Event: 4.982 GC heap before
{Heap before GC invocations=12 (full 0):
 garbage-first heap   total 107520K, used 87904K [0x0000000080000000, 0x0000000100000000)
  region size 1024K, 41 young (41984K), 5 survivors (5120K)
 Metaspace       used 55633K, committed 57088K, reserved 1114112K
  class space    used 7643K, committed 8384K, reserved 1048576K
}
Event: 4.987 GC heap after
{Heap after GC invocations=13 (full 0):
 garbage-first heap   total 107520K, used 55317K [0x0000000080000000, 0x0000000100000000)
  region size 1024K, 4 young (4096K), 4 survivors (4096K)
 Metaspace       used 55633K, committed 57088K, reserved 1114112K
  class space    used 7643K, committed 8384K, reserved 1048576K
}
Event: 5.581 GC heap before
{Heap before GC invocations=14 (full 0):
 garbage-first heap   total 107520K, used 105493K [0x0000000080000000, 0x0000000100000000)
  region size 1024K, 38 young (38912K), 4 survivors (4096K)
 Metaspace       used 58257K, committed 59840K, reserved 1114112K
  class space    used 7878K, committed 8640K, reserved 1048576K
}
Event: 5.587 GC heap after
{Heap after GC invocations=15 (full 0):
 garbage-first heap   total 116736K, used 75095K [0x0000000080000000, 0x0000000100000000)
  region size 1024K, 6 young (6144K), 6 survivors (6144K)
 Metaspace       used 58257K, committed 59840K, reserved 1114112K
  class space    used 7878K, committed 8640K, reserved 1048576K
}
Event: 5.727 GC heap before
{Heap before GC invocations=15 (full 0):
 garbage-first heap   total 116736K, used 102743K [0x0000000080000000, 0x0000000100000000)
  region size 1024K, 33 young (33792K), 6 survivors (6144K)
 Metaspace       used 59077K, committed 60608K, reserved 1114112K
  class space    used 8022K, committed 8768K, reserved 1048576K
}
Event: 5.731 GC heap after
{Heap after GC invocations=16 (full 0):
 garbage-first heap   total 116736K, used 76550K [0x0000000080000000, 0x0000000100000000)
  region size 1024K, 2 young (2048K), 2 survivors (2048K)
 Metaspace       used 59077K, committed 60608K, reserved 1114112K
  class space    used 8022K, committed 8768K, reserved 1048576K
}
Event: 6.014 GC heap before
{Heap before GC invocations=16 (full 0):
 garbage-first heap   total 116736K, used 104198K [0x0000000080000000, 0x0000000100000000)
  region size 1024K, 29 young (29696K), 2 survivors (2048K)
 Metaspace       used 62890K, committed 64576K, reserved 1114112K
  class space    used 8529K, committed 9344K, reserved 1048576K
}

