# JRE version: OpenJDK Runtime Environment (21.0.3) (build 21.0.3+-12282718-b509.11)
# Java VM: OpenJDK 64-Bit Server VM (21.0.3+-12282718-b509.11, mixed mode, tiered, compressed oops, compressed class ptrs, g1 gc, windows-amd64)
GC Precious Log:
 CardTable entry size: 512
 Card Set container configuration: InlinePtr #cards 5 size 8 Array Of Cards #cards 12 size 40 Howl #buckets 4 coarsen threshold 1843 Howl Bitmap #cards 512 size 80 coarsen threshold 460 Card regions per heap region 1 cards per card region 2048
 CPUs: 12 total, 12 available
 Memory: 7489M
 Large Page Support: Disabled
 NUMA Support: Disabled
 Compressed Oops: Enabled (32-bit)
 Heap Region Size: 1M
 Heap Min Capacity: 8M
 Heap Initial Capacity: 118M
 Heap Max Capacity: 2G
 Pre-touch: Disabled
 Parallel Workers: 10
 Concurrent Workers: 3
 Concurrent Refinement Workers: 10
 Periodic GC: Disabled
Heap:
 garbage-first heap   total 80896K, used 60432K [0x0000000080000000, 0x0000000100000000)
  region size 1024K, 38 young (38912K), 6 survivors (6144K)
 Metaspace       used 45789K, committed 47040K, reserved 1114112K
  class space    used 6154K, committed 6784K, reserved 1048576K
GC Heap History (16 events):
Event: 0.473 GC heap before
{Heap before GC invocations=0 (full 0):
 garbage-first heap   total 120832K, used 26624K [0x0000000080000000, 0x0000000100000000)
  region size 1024K, 23 young (23552K), 0 survivors (0K)
 Metaspace       used 8035K, committed 8192K, reserved 1114112K
  class space    used 716K, committed 768K, reserved 1048576K
}
Event: 0.479 GC heap after
{Heap after GC invocations=1 (full 0):
 garbage-first heap   total 120832K, used 10240K [0x0000000080000000, 0x0000000100000000)
  region size 1024K, 3 young (3072K), 3 survivors (3072K)
 Metaspace       used 8035K, committed 8192K, reserved 1114112K
  class space    used 716K, committed 768K, reserved 1048576K
}
Event: 1.020 GC heap before
{Heap before GC invocations=1 (full 0):
 garbage-first heap   total 120832K, used 40960K [0x0000000080000000, 0x0000000100000000)
  region size 1024K, 33 young (33792K), 3 survivors (3072K)
 Metaspace       used 12058K, committed 12352K, reserved 1114112K
  class space    used 1278K, committed 1408K, reserved 1048576K
}
Event: 1.026 GC heap after
{Heap after GC invocations=2 (full 0):
 garbage-first heap   total 120832K, used 12080K [0x0000000080000000, 0x0000000100000000)
  region size 1024K, 2 young (2048K), 2 survivors (2048K)
 Metaspace       used 12058K, committed 12352K, reserved 1114112K
  class space    used 1278K, committed 1408K, reserved 1048576K
}
Event: 2.100 GC heap before
{Heap before GC invocations=2 (full 0):
 garbage-first heap   total 120832K, used 70448K [0x0000000080000000, 0x0000000100000000)
  region size 1024K, 57 young (58368K), 2 survivors (2048K)
 Metaspace       used 17736K, committed 18048K, reserved 1114112K
  class space    used 2034K, committed 2176K, reserved 1048576K
}
Event: 2.111 GC heap after
{Heap after GC invocations=3 (full 0):
 garbage-first heap   total 120832K, used 18997K [0x0000000080000000, 0x0000000100000000)
  region size 1024K, 8 young (8192K), 8 survivors (8192K)
 Metaspace       used 17736K, committed 18048K, reserved 1114112K
  class space    used 2034K, committed 2176K, reserved 1048576K
}
Event: 2.495 GC heap before
{Heap before GC invocations=3 (full 0):
 garbage-first heap   total 120832K, used 32309K [0x0000000080000000, 0x0000000100000000)
  region size 1024K, 22 young (22528K), 8 survivors (8192K)
 Metaspace       used 21216K, committed 21504K, reserved 1114112K
  class space    used 2465K, committed 2624K, reserved 1048576K
}
Event: 2.501 GC heap after
{Heap after GC invocations=4 (full 0):
 garbage-first heap   total 120832K, used 21135K [0x0000000080000000, 0x0000000100000000)
  region size 1024K, 2 young (2048K), 2 survivors (2048K)
 Metaspace       used 21216K, committed 21504K, reserved 1114112K
  class space    used 2465K, committed 2624K, reserved 1048576K
}
Event: 3.530 GC heap before
{Heap before GC invocations=5 (full 0):
 garbage-first heap   total 75776K, used 74383K [0x0000000080000000, 0x0000000100000000)
  region size 1024K, 55 young (56320K), 2 survivors (2048K)
 Metaspace       used 29942K, committed 30528K, reserved 1114112K
  class space    used 3881K, committed 4160K, reserved 1048576K
}
Event: 3.536 GC heap after
{Heap after GC invocations=6 (full 0):
 garbage-first heap   total 80896K, used 23979K [0x0000000080000000, 0x0000000100000000)
  region size 1024K, 5 young (5120K), 5 survivors (5120K)
 Metaspace       used 29942K, committed 30528K, reserved 1114112K
  class space    used 3881K, committed 4160K, reserved 1048576K
}
Event: 4.453 GC heap before
{Heap before GC invocations=6 (full 0):
 garbage-first heap   total 80896K, used 62891K [0x0000000080000000, 0x0000000100000000)
  region size 1024K, 44 young (45056K), 5 survivors (5120K)
 Metaspace       used 35306K, committed 36096K, reserved 1114112K
  class space    used 4767K, committed 5120K, reserved 1048576K
}
Event: 4.461 GC heap after
{Heap after GC invocations=7 (full 0):
 garbage-first heap   total 80896K, used 26213K [0x0000000080000000, 0x0000000100000000)
  region size 1024K, 6 young (6144K), 6 survivors (6144K)
 Metaspace       used 35306K, committed 36096K, reserved 1114112K
  class space    used 4767K, committed 5120K, reserved 1048576K
}
Event: 4.527 GC heap before
{Heap before GC invocations=7 (full 0):
 garbage-first heap   total 80896K, used 28261K [0x0000000080000000, 0x0000000100000000)
  region size 1024K, 9 young (9216K), 6 survivors (6144K)
 Metaspace       used 35580K, committed 36416K, reserved 1114112K
  class space    used 4822K, committed 5248K, reserved 1048576K
}
Event: 4.532 GC heap after
{Heap after GC invocations=8 (full 0):
 garbage-first heap   total 80896K, used 26564K [0x0000000080000000, 0x0000000100000000)
  region size 1024K, 3 young (3072K), 3 survivors (3072K)
 Metaspace       used 35580K, committed 36416K, reserved 1114112K
  class space    used 4822K, committed 5248K, reserved 1048576K
}
Event: 5.419 GC heap before
{Heap before GC invocations=9 (full 0):
 garbage-first heap   total 80896K, used 69572K [0x0000000080000000, 0x0000000100000000)
  region size 1024K, 45 young (46080K), 3 survivors (3072K)
 Metaspace       used 43198K, committed 44288K, reserved 1114112K
  class space    used 5860K, committed 6400K, reserved 1048576K
}
Event: 5.425 GC heap after
{Heap after GC invocations=10 (full 0):
 garbage-first heap   total 80896K, used 29712K [0x0000000080000000, 0x0000000100000000)
  region size 1024K, 6 young (6144K), 6 survivors (6144K)
 Metaspace       used 43198K, committed 44288K, reserved 1114112K
  class space    used 5860K, committed 6400K, reserved 1048576K
}

